2018-04-10 11:59:58,433 WARN  pooling org.hibernate.engine.jdbc.connections.internal.DriverManagerConnectionProviderImpl.configure(DriverManagerConnectionProviderImpl.java:73) - HHH10001002: Using Hibernate built-in connection pool (not for production use!)
2018-04-10 11:59:58,433 WARN  pooling org.hibernate.engine.jdbc.connections.internal.DriverManagerConnectionProviderImpl.configure(DriverManagerConnectionProviderImpl.java:73) - HHH10001002: Using Hibernate built-in connection pool (not for production use!)
2018-04-10 12:00:00,437 DEBUG SQL org.hibernate.engine.jdbc.spi.SqlStatementLogger.logStatement(SqlStatementLogger.java:92) - select student0_.id as id1_0_0_, student0_.email as email2_0_0_, student0_.first_name as first_na3_0_0_, student0_.last_name as last_nam4_0_0_ from student student0_ where student0_.id=?
2018-04-10 12:00:00,437 DEBUG SQL org.hibernate.engine.jdbc.spi.SqlStatementLogger.logStatement(SqlStatementLogger.java:92) - select student0_.id as id1_0_0_, student0_.email as email2_0_0_, student0_.first_name as first_na3_0_0_, student0_.last_name as last_nam4_0_0_ from student student0_ where student0_.id=?
2018-04-10 12:00:00,492 DEBUG SQL org.hibernate.engine.jdbc.spi.SqlStatementLogger.logStatement(SqlStatementLogger.java:92) - delete from student where id=?
2018-04-10 12:00:00,492 DEBUG SQL org.hibernate.engine.jdbc.spi.SqlStatementLogger.logStatement(SqlStatementLogger.java:92) - delete from student where id=?
2018-04-10 12:00:40,700 WARN  pooling org.hibernate.engine.jdbc.connections.internal.DriverManagerConnectionProviderImpl.configure(DriverManagerConnectionProviderImpl.java:73) - HHH10001002: Using Hibernate built-in connection pool (not for production use!)
2018-04-10 12:00:40,700 WARN  pooling org.hibernate.engine.jdbc.connections.internal.DriverManagerConnectionProviderImpl.configure(DriverManagerConnectionProviderImpl.java:73) - HHH10001002: Using Hibernate built-in connection pool (not for production use!)
2018-04-10 12:00:42,310 DEBUG SQL org.hibernate.engine.jdbc.spi.SqlStatementLogger.logStatement(SqlStatementLogger.java:92) - insert into student (email, first_name, last_name) values (?, ?, ?)
2018-04-10 12:00:42,310 DEBUG SQL org.hibernate.engine.jdbc.spi.SqlStatementLogger.logStatement(SqlStatementLogger.java:92) - insert into student (email, first_name, last_name) values (?, ?, ?)
2018-04-10 12:00:42,335 DEBUG SQL org.hibernate.engine.jdbc.spi.SqlStatementLogger.logStatement(SqlStatementLogger.java:92) - insert into student (email, first_name, last_name) values (?, ?, ?)
2018-04-10 12:00:42,335 DEBUG SQL org.hibernate.engine.jdbc.spi.SqlStatementLogger.logStatement(SqlStatementLogger.java:92) - insert into student (email, first_name, last_name) values (?, ?, ?)
2018-04-10 12:01:34,738 WARN  pooling org.hibernate.engine.jdbc.connections.internal.DriverManagerConnectionProviderImpl.configure(DriverManagerConnectionProviderImpl.java:73) - HHH10001002: Using Hibernate built-in connection pool (not for production use!)
2018-04-10 12:01:34,738 WARN  pooling org.hibernate.engine.jdbc.connections.internal.DriverManagerConnectionProviderImpl.configure(DriverManagerConnectionProviderImpl.java:73) - HHH10001002: Using Hibernate built-in connection pool (not for production use!)
2018-04-10 12:01:36,298 DEBUG SQL org.hibernate.engine.jdbc.spi.SqlStatementLogger.logStatement(SqlStatementLogger.java:92) - select student0_.id as id1_0_0_, student0_.email as email2_0_0_, student0_.first_name as first_na3_0_0_, student0_.last_name as last_nam4_0_0_ from student student0_ where student0_.id=?
2018-04-10 12:01:36,298 DEBUG SQL org.hibernate.engine.jdbc.spi.SqlStatementLogger.logStatement(SqlStatementLogger.java:92) - select student0_.id as id1_0_0_, student0_.email as email2_0_0_, student0_.first_name as first_na3_0_0_, student0_.last_name as last_nam4_0_0_ from student student0_ where student0_.id=?
2018-04-10 12:01:36,350 DEBUG SQL org.hibernate.engine.jdbc.spi.SqlStatementLogger.logStatement(SqlStatementLogger.java:92) - delete from student where id=?
2018-04-10 12:01:36,350 DEBUG SQL org.hibernate.engine.jdbc.spi.SqlStatementLogger.logStatement(SqlStatementLogger.java:92) - delete from student where id=?
2018-04-10 12:01:36,532 DEBUG SQL org.hibernate.engine.jdbc.spi.SqlStatementLogger.logStatement(SqlStatementLogger.java:92) - delete from student where id='2'
2018-04-10 12:01:36,532 DEBUG SQL org.hibernate.engine.jdbc.spi.SqlStatementLogger.logStatement(SqlStatementLogger.java:92) - delete from student where id='2'
2018-04-10 13:42:53,445 WARN  pooling org.hibernate.engine.jdbc.connections.internal.DriverManagerConnectionProviderImpl.configure(DriverManagerConnectionProviderImpl.java:73) - HHH10001002: Using Hibernate built-in connection pool (not for production use!)
2018-04-10 13:42:53,445 WARN  pooling org.hibernate.engine.jdbc.connections.internal.DriverManagerConnectionProviderImpl.configure(DriverManagerConnectionProviderImpl.java:73) - HHH10001002: Using Hibernate built-in connection pool (not for production use!)
2018-04-10 13:42:54,919 DEBUG SQL org.hibernate.engine.jdbc.spi.SqlStatementLogger.logStatement(SqlStatementLogger.java:92) - insert into student (email, first_name, last_name) values (?, ?, ?)
2018-04-10 13:42:54,919 DEBUG SQL org.hibernate.engine.jdbc.spi.SqlStatementLogger.logStatement(SqlStatementLogger.java:92) - insert into student (email, first_name, last_name) values (?, ?, ?)
2018-04-10 13:42:54,951 DEBUG SQL org.hibernate.engine.jdbc.spi.SqlStatementLogger.logStatement(SqlStatementLogger.java:92) - insert into student (email, first_name, last_name) values (?, ?, ?)
2018-04-10 13:42:54,951 DEBUG SQL org.hibernate.engine.jdbc.spi.SqlStatementLogger.logStatement(SqlStatementLogger.java:92) - insert into student (email, first_name, last_name) values (?, ?, ?)
2018-04-10 13:57:05,645 WARN  pooling org.hibernate.engine.jdbc.connections.internal.DriverManagerConnectionProviderImpl.configure(DriverManagerConnectionProviderImpl.java:73) - HHH10001002: Using Hibernate built-in connection pool (not for production use!)
2018-04-10 13:57:05,645 WARN  pooling org.hibernate.engine.jdbc.connections.internal.DriverManagerConnectionProviderImpl.configure(DriverManagerConnectionProviderImpl.java:73) - HHH10001002: Using Hibernate built-in connection pool (not for production use!)
2018-04-10 13:57:07,119 DEBUG SQL org.hibernate.engine.jdbc.spi.SqlStatementLogger.logStatement(SqlStatementLogger.java:92) - insert into employee (company, first_name, last_name) values (?, ?, ?)
2018-04-10 13:57:07,119 DEBUG SQL org.hibernate.engine.jdbc.spi.SqlStatementLogger.logStatement(SqlStatementLogger.java:92) - insert into employee (company, first_name, last_name) values (?, ?, ?)
2018-04-10 13:57:07,148 WARN  SqlExceptionHelper org.hibernate.engine.jdbc.spi.SqlExceptionHelper.logExceptions(SqlExceptionHelper.java:129) - SQL Error: 1146, SQLState: 42S02
2018-04-10 13:57:07,148 WARN  SqlExceptionHelper org.hibernate.engine.jdbc.spi.SqlExceptionHelper.logExceptions(SqlExceptionHelper.java:129) - SQL Error: 1146, SQLState: 42S02
2018-04-10 13:57:07,149 ERROR SqlExceptionHelper org.hibernate.engine.jdbc.spi.SqlExceptionHelper.logExceptions(SqlExceptionHelper.java:131) - Table 'hb_student_tracker.employee' doesn't exist
2018-04-10 13:57:07,149 ERROR SqlExceptionHelper org.hibernate.engine.jdbc.spi.SqlExceptionHelper.logExceptions(SqlExceptionHelper.java:131) - Table 'hb_student_tracker.employee' doesn't exist
2018-04-10 13:58:57,637 WARN  pooling org.hibernate.engine.jdbc.connections.internal.DriverManagerConnectionProviderImpl.configure(DriverManagerConnectionProviderImpl.java:73) - HHH10001002: Using Hibernate built-in connection pool (not for production use!)
2018-04-10 13:58:57,637 WARN  pooling org.hibernate.engine.jdbc.connections.internal.DriverManagerConnectionProviderImpl.configure(DriverManagerConnectionProviderImpl.java:73) - HHH10001002: Using Hibernate built-in connection pool (not for production use!)
2018-04-10 13:59:26,918 WARN  pooling org.hibernate.engine.jdbc.connections.internal.DriverManagerConnectionProviderImpl.configure(DriverManagerConnectionProviderImpl.java:73) - HHH10001002: Using Hibernate built-in connection pool (not for production use!)
2018-04-10 13:59:26,918 WARN  pooling org.hibernate.engine.jdbc.connections.internal.DriverManagerConnectionProviderImpl.configure(DriverManagerConnectionProviderImpl.java:73) - HHH10001002: Using Hibernate built-in connection pool (not for production use!)
2018-04-10 13:59:28,315 DEBUG SQL org.hibernate.engine.jdbc.spi.SqlStatementLogger.logStatement(SqlStatementLogger.java:92) - insert into employee (company, first_name, last_name) values (?, ?, ?)
2018-04-10 13:59:28,315 DEBUG SQL org.hibernate.engine.jdbc.spi.SqlStatementLogger.logStatement(SqlStatementLogger.java:92) - insert into employee (company, first_name, last_name) values (?, ?, ?)
2018-04-10 14:46:45,812 WARN  pooling org.hibernate.engine.jdbc.connections.internal.DriverManagerConnectionProviderImpl.configure(DriverManagerConnectionProviderImpl.java:73) - HHH10001002: Using Hibernate built-in connection pool (not for production use!)
2018-04-10 14:46:45,812 WARN  pooling org.hibernate.engine.jdbc.connections.internal.DriverManagerConnectionProviderImpl.configure(DriverManagerConnectionProviderImpl.java:73) - HHH10001002: Using Hibernate built-in connection pool (not for production use!)
2018-04-10 14:46:47,295 DEBUG SQL org.hibernate.engine.jdbc.spi.SqlStatementLogger.logStatement(SqlStatementLogger.java:92) - insert into student (date_of_birth, email, first_name, last_name) values (?, ?, ?, ?)
2018-04-10 14:46:47,295 DEBUG SQL org.hibernate.engine.jdbc.spi.SqlStatementLogger.logStatement(SqlStatementLogger.java:92) - insert into student (date_of_birth, email, first_name, last_name) values (?, ?, ?, ?)
2018-04-10 14:46:47,323 DEBUG SQL org.hibernate.engine.jdbc.spi.SqlStatementLogger.logStatement(SqlStatementLogger.java:92) - insert into student (date_of_birth, email, first_name, last_name) values (?, ?, ?, ?)
2018-04-10 14:46:47,323 DEBUG SQL org.hibernate.engine.jdbc.spi.SqlStatementLogger.logStatement(SqlStatementLogger.java:92) - insert into student (date_of_birth, email, first_name, last_name) values (?, ?, ?, ?)
2018-04-10 14:54:12,626 WARN  pooling org.hibernate.engine.jdbc.connections.internal.DriverManagerConnectionProviderImpl.configure(DriverManagerConnectionProviderImpl.java:73) - HHH10001002: Using Hibernate built-in connection pool (not for production use!)
2018-04-10 14:54:12,626 WARN  pooling org.hibernate.engine.jdbc.connections.internal.DriverManagerConnectionProviderImpl.configure(DriverManagerConnectionProviderImpl.java:73) - HHH10001002: Using Hibernate built-in connection pool (not for production use!)
2018-04-10 14:54:14,049 DEBUG SQL org.hibernate.engine.jdbc.spi.SqlStatementLogger.logStatement(SqlStatementLogger.java:92) - insert into student (date_of_birth, email, first_name, last_name) values (?, ?, ?, ?)
2018-04-10 14:54:14,049 DEBUG SQL org.hibernate.engine.jdbc.spi.SqlStatementLogger.logStatement(SqlStatementLogger.java:92) - insert into student (date_of_birth, email, first_name, last_name) values (?, ?, ?, ?)
2018-04-10 14:54:14,076 DEBUG SQL org.hibernate.engine.jdbc.spi.SqlStatementLogger.logStatement(SqlStatementLogger.java:92) - insert into student (date_of_birth, email, first_name, last_name) values (?, ?, ?, ?)
2018-04-10 14:54:14,076 DEBUG SQL org.hibernate.engine.jdbc.spi.SqlStatementLogger.logStatement(SqlStatementLogger.java:92) - insert into student (date_of_birth, email, first_name, last_name) values (?, ?, ?, ?)
2018-04-10 14:54:14,092 DEBUG SQL org.hibernate.engine.jdbc.spi.SqlStatementLogger.logStatement(SqlStatementLogger.java:92) - select student0_.id as id1_0_0_, student0_.date_of_birth as date_of_2_0_0_, student0_.email as email3_0_0_, student0_.first_name as first_na4_0_0_, student0_.last_name as last_nam5_0_0_ from student student0_ where student0_.id=?
2018-04-10 14:54:14,092 DEBUG SQL org.hibernate.engine.jdbc.spi.SqlStatementLogger.logStatement(SqlStatementLogger.java:92) - select student0_.id as id1_0_0_, student0_.date_of_birth as date_of_2_0_0_, student0_.email as email3_0_0_, student0_.first_name as first_na4_0_0_, student0_.last_name as last_nam5_0_0_ from student student0_ where student0_.id=?
